c:\users\francisco u\documents\github\proyecto-2\proyecto2_farmacia\proyecto2_farmacia\x64\debug\proyecto2_farmacia.pch
c:\users\francisco u\documents\github\proyecto-2\proyecto2_farmacia\proyecto2_farmacia\x64\debug\vc143.pdb
c:\users\francisco u\documents\github\proyecto-2\proyecto2_farmacia\proyecto2_farmacia\x64\debug\pch.obj
c:\users\francisco u\documents\github\proyecto-2\proyecto2_farmacia\proyecto2_farmacia\x64\debug\proyecto2_farmacia.obj
c:\users\francisco u\documents\github\proyecto-2\proyecto2_farmacia\proyecto2_farmacia\x64\debug\proveedor.obj
c:\users\francisco u\documents\github\proyecto-2\proyecto2_farmacia\proyecto2_farmacia\x64\debug\node.obj
c:\users\francisco u\documents\github\proyecto-2\proyecto2_farmacia\proyecto2_farmacia\x64\debug\medicamento.obj
c:\users\francisco u\documents\github\proyecto-2\proyecto2_farmacia\proyecto2_farmacia\x64\debug\listade.obj
c:\users\francisco u\documents\github\proyecto-2\proyecto2_farmacia\proyecto2_farmacia\x64\debug\inventario.obj
c:\users\francisco u\documents\github\proyecto-2\proyecto2_farmacia\proyecto2_farmacia\x64\debug\assemblyinfo.obj
c:\users\francisco u\documents\github\proyecto-2\proyecto2_farmacia\proyecto2_farmacia\x64\debug\.netframework,version=v4.8.assemblyattributes.obj
c:\users\francisco u\documents\github\proyecto-2\proyecto2_farmacia\x64\debug\proyecto2_farmacia.exe
c:\users\francisco u\documents\github\proyecto-2\proyecto2_farmacia\x64\debug\proyecto2_farmacia.pdb
c:\users\francisco u\documents\github\proyecto-2\proyecto2_farmacia\proyecto2_farmacia\x64\debug\app.res
c:\users\francisco u\documents\github\proyecto-2\proyecto2_farmacia\proyecto2_farmacia\x64\debug\proyecto2_farmacia.vcxproj.suggestedbindingredirects.cache
c:\users\francisco u\documents\github\proyecto-2\proyecto2_farmacia\proyecto2_farmacia\x64\debug\proyecto.9bb6c452.tlog\cl.command.1.tlog
c:\users\francisco u\documents\github\proyecto-2\proyecto2_farmacia\proyecto2_farmacia\x64\debug\proyecto.9bb6c452.tlog\cl.items.tlog
c:\users\francisco u\documents\github\proyecto-2\proyecto2_farmacia\proyecto2_farmacia\x64\debug\proyecto.9bb6c452.tlog\cl.read.1.tlog
c:\users\francisco u\documents\github\proyecto-2\proyecto2_farmacia\proyecto2_farmacia\x64\debug\proyecto.9bb6c452.tlog\cl.write.1.tlog
c:\users\francisco u\documents\github\proyecto-2\proyecto2_farmacia\proyecto2_farmacia\x64\debug\proyecto.9bb6c452.tlog\link.command.1.tlog
c:\users\francisco u\documents\github\proyecto-2\proyecto2_farmacia\proyecto2_farmacia\x64\debug\proyecto.9bb6c452.tlog\link.read.1.tlog
c:\users\francisco u\documents\github\proyecto-2\proyecto2_farmacia\proyecto2_farmacia\x64\debug\proyecto.9bb6c452.tlog\link.write.1.tlog
c:\users\francisco u\documents\github\proyecto-2\proyecto2_farmacia\proyecto2_farmacia\x64\debug\proyecto.9bb6c452.tlog\metagen.read.1.tlog
c:\users\francisco u\documents\github\proyecto-2\proyecto2_farmacia\proyecto2_farmacia\x64\debug\proyecto.9bb6c452.tlog\metagen.write.1.tlog
c:\users\francisco u\documents\github\proyecto-2\proyecto2_farmacia\proyecto2_farmacia\x64\debug\proyecto.9bb6c452.tlog\rc.command.1.tlog
c:\users\francisco u\documents\github\proyecto-2\proyecto2_farmacia\proyecto2_farmacia\x64\debug\proyecto.9bb6c452.tlog\rc.read.1.tlog
c:\users\francisco u\documents\github\proyecto-2\proyecto2_farmacia\proyecto2_farmacia\x64\debug\proyecto.9bb6c452.tlog\rc.write.1.tlog
